<?xml version="1.0" encoding="UTF-8"?>
<testsuite name="eu.simple.command.SpringCommandServiceTest" tests="5" skipped="0" failures="0" errors="0" timestamp="2020-04-13T21:41:15" hostname="LAPTOP-5C0R2SIT" time="0.628">
  <properties/>
  <testcase name="should run command and return result$command()" classname="eu.simple.command.SpringCommandServiceTest" time="0.576"/>
  <testcase name="should throw exception if handler not found$command()" classname="eu.simple.command.SpringCommandServiceTest" time="0.011"/>
  <testcase name="should run command if have 2 handlers but one is primary$command()" classname="eu.simple.command.SpringCommandServiceTest" time="0.009"/>
  <testcase name="should throw exception if more than one handler found$command()" classname="eu.simple.command.SpringCommandServiceTest" time="0.008"/>
  <testcase name="should throw exception if command has 2 primary handlers$command()" classname="eu.simple.command.SpringCommandServiceTest" time="0.008"/>
  <system-out><![CDATA[00:41:14.219 [Test worker] DEBUG org.springframework.test.context.BootstrapUtils - Instantiating CacheAwareContextLoaderDelegate from class [org.springframework.test.context.cache.DefaultCacheAwareContextLoaderDelegate]
00:41:14.236 [Test worker] DEBUG org.springframework.test.context.BootstrapUtils - Instantiating BootstrapContext using constructor [public org.springframework.test.context.support.DefaultBootstrapContext(java.lang.Class,org.springframework.test.context.CacheAwareContextLoaderDelegate)]
00:41:14.277 [Test worker] DEBUG org.springframework.test.context.BootstrapUtils - Instantiating TestContextBootstrapper for test class [eu.simple.command.SpringCommandServiceTest] from class [org.springframework.boot.test.context.SpringBootTestContextBootstrapper]
00:41:14.293 [Test worker] INFO org.springframework.boot.test.context.SpringBootTestContextBootstrapper - Neither @ContextConfiguration nor @ContextHierarchy found for test class [eu.simple.command.SpringCommandServiceTest], using SpringBootContextLoader
00:41:14.298 [Test worker] DEBUG org.springframework.test.context.support.AbstractContextLoader - Did not detect default resource location for test class [eu.simple.command.SpringCommandServiceTest]: class path resource [eu/simple/command/SpringCommandServiceTest-context.xml] does not exist
00:41:14.298 [Test worker] DEBUG org.springframework.test.context.support.AbstractContextLoader - Did not detect default resource location for test class [eu.simple.command.SpringCommandServiceTest]: class path resource [eu/simple/command/SpringCommandServiceTestContext.groovy] does not exist
00:41:14.299 [Test worker] INFO org.springframework.test.context.support.AbstractContextLoader - Could not detect default resource locations for test class [eu.simple.command.SpringCommandServiceTest]: no resource found for suffixes {-context.xml, Context.groovy}.
00:41:14.300 [Test worker] INFO org.springframework.test.context.support.AnnotationConfigContextLoaderUtils - Could not detect default configuration classes for test class [eu.simple.command.SpringCommandServiceTest]: SpringCommandServiceTest does not declare any static, non-private, non-final, nested classes annotated with @Configuration.
00:41:14.401 [Test worker] DEBUG org.springframework.context.annotation.ClassPathScanningCandidateComponentProvider - Identified candidate component class: file [D:\Documents\Projects\mine\starter\command\build\classes\kotlin\test\eu\simple\command\SpringCommandServiceTest.class]
00:41:14.411 [Test worker] INFO org.springframework.boot.test.context.SpringBootTestContextBootstrapper - Found @SpringBootConfiguration eu.simple.command.SpringCommandServiceTest for test class eu.simple.command.SpringCommandServiceTest
00:41:14.501 [Test worker] DEBUG org.springframework.boot.test.context.SpringBootTestContextBootstrapper - @TestExecutionListeners is not present for class [eu.simple.command.SpringCommandServiceTest]: using defaults.
00:41:14.501 [Test worker] INFO org.springframework.boot.test.context.SpringBootTestContextBootstrapper - Loaded default TestExecutionListener class names from location [META-INF/spring.factories]: [org.springframework.boot.test.autoconfigure.restdocs.RestDocsTestExecutionListener, org.springframework.boot.test.autoconfigure.web.client.MockRestServiceServerResetTestExecutionListener, org.springframework.boot.test.autoconfigure.web.servlet.MockMvcPrintOnlyOnFailureTestExecutionListener, org.springframework.boot.test.autoconfigure.web.servlet.WebDriverTestExecutionListener, org.springframework.boot.test.mock.mockito.MockitoTestExecutionListener, org.springframework.boot.test.mock.mockito.ResetMocksTestExecutionListener, org.springframework.test.context.web.ServletTestExecutionListener, org.springframework.test.context.support.DirtiesContextBeforeModesTestExecutionListener, org.springframework.test.context.support.DependencyInjectionTestExecutionListener, org.springframework.test.context.support.DirtiesContextTestExecutionListener, org.springframework.test.context.transaction.TransactionalTestExecutionListener, org.springframework.test.context.jdbc.SqlScriptsTestExecutionListener, org.springframework.test.context.event.EventPublishingTestExecutionListener]
00:41:14.512 [Test worker] DEBUG org.springframework.boot.test.context.SpringBootTestContextBootstrapper - Skipping candidate TestExecutionListener [org.springframework.test.context.web.ServletTestExecutionListener] due to a missing dependency. Specify custom listener classes or make the default listener classes and their required dependencies available. Offending class: [javax/servlet/ServletContext]
00:41:14.515 [Test worker] DEBUG org.springframework.boot.test.context.SpringBootTestContextBootstrapper - Skipping candidate TestExecutionListener [org.springframework.test.context.transaction.TransactionalTestExecutionListener] due to a missing dependency. Specify custom listener classes or make the default listener classes and their required dependencies available. Offending class: [org/springframework/transaction/interceptor/TransactionAttributeSource]
00:41:14.516 [Test worker] DEBUG org.springframework.boot.test.context.SpringBootTestContextBootstrapper - Skipping candidate TestExecutionListener [org.springframework.test.context.jdbc.SqlScriptsTestExecutionListener] due to a missing dependency. Specify custom listener classes or make the default listener classes and their required dependencies available. Offending class: [org/springframework/transaction/interceptor/TransactionAttribute]
00:41:14.517 [Test worker] INFO org.springframework.boot.test.context.SpringBootTestContextBootstrapper - Using TestExecutionListeners: [org.springframework.test.context.support.DirtiesContextBeforeModesTestExecutionListener@5b0c1ff, org.springframework.boot.test.mock.mockito.MockitoTestExecutionListener@35ab1c79, org.springframework.boot.test.autoconfigure.SpringBootDependencyInjectionTestExecutionListener@3b31bd7b, org.springframework.test.context.support.DirtiesContextTestExecutionListener@4f1835c9, org.springframework.test.context.event.EventPublishingTestExecutionListener@4c24aaec, org.springframework.boot.test.autoconfigure.restdocs.RestDocsTestExecutionListener@21013fc5, org.springframework.boot.test.autoconfigure.web.client.MockRestServiceServerResetTestExecutionListener@176d84fb, org.springframework.boot.test.autoconfigure.web.servlet.MockMvcPrintOnlyOnFailureTestExecutionListener@19d55da2, org.springframework.boot.test.autoconfigure.web.servlet.WebDriverTestExecutionListener@70cff7be, org.springframework.boot.test.mock.mockito.ResetMocksTestExecutionListener@58180175]
00:41:14.523 [Test worker] DEBUG org.springframework.test.context.support.AbstractDirtiesContextTestExecutionListener - Before test class: context [DefaultTestContext@6eedfcd3 testClass = SpringCommandServiceTest, testInstance = [null], testMethod = [null], testException = [null], mergedContextConfiguration = [MergedContextConfiguration@536df8cf testClass = SpringCommandServiceTest, locations = '{}', classes = '{class eu.simple.command.SpringCommandServiceTest}', contextInitializerClasses = '[]', activeProfiles = '{test}', propertySourceLocations = '{}', propertySourceProperties = '{org.springframework.boot.test.context.SpringBootTestContextBootstrapper=true}', contextCustomizers = set[org.springframework.boot.test.autoconfigure.properties.PropertyMappingContextCustomizer@0, org.springframework.boot.test.autoconfigure.web.servlet.WebDriverContextCustomizerFactory$Customizer@4254939f, [ImportsContextCustomizer@10fa8f32 key = [@org.springframework.test.context.BootstrapWith(value=org.springframework.boot.test.context.SpringBootTestContextBootstrapper.class), @org.springframework.stereotype.Indexed(), @org.springframework.boot.autoconfigure.AutoConfigurationPackage(), @org.springframework.boot.autoconfigure.EnableAutoConfiguration(exclude={}, excludeName={}), @org.springframework.test.context.ActiveProfiles(profiles={}, resolver=org.springframework.test.context.ActiveProfilesResolver.class, value={"test"}, inheritProfiles=true), @org.springframework.boot.test.context.TestConfiguration(value="", proxyBeanMethods=true), @org.springframework.context.annotation.Configuration(value="", proxyBeanMethods=true), @org.springframework.context.annotation.Import(value={org.springframework.boot.autoconfigure.AutoConfigurationImportSelector.class}), @org.junit.jupiter.api.extension.ExtendWith(value={org.springframework.test.context.junit.jupiter.SpringExtension.class}), @org.springframework.stereotype.Component(value=""), @org.springframework.boot.test.context.TestComponent(value=""), @org.springframework.context.annotation.Import(value={eu.simple.command.CommonModuleConfig.class}), @org.apiguardian.api.API(consumers={"*"}, since="5.0", status=STABLE), @org.springframework.boot.test.context.SpringBootTest(args={}, webEnvironment=MOCK, value={}, properties={}, classes={}), @org.springframework.context.annotation.Import(value={org.springframework.boot.autoconfigure.AutoConfigurationPackages$Registrar.class}), @org.springframework.boot.SpringBootConfiguration(proxyBeanMethods=true)]], org.springframework.boot.test.context.filter.ExcludeFilterContextCustomizer@350e7ae1, org.springframework.boot.test.json.DuplicateJsonObjectContextCustomizerFactory$DuplicateJsonObjectContextCustomizer@1591a2b3, org.springframework.boot.test.mock.mockito.MockitoContextCustomizer@0, org.springframework.boot.test.web.client.TestRestTemplateContextCustomizer@4391cf00], contextLoader = 'org.springframework.boot.test.context.SpringBootContextLoader', parent = [null]], attributes = map[[empty]]], class annotated with @DirtiesContext [false] with mode [null].
00:41:14.537 [Test worker] DEBUG org.springframework.test.context.support.DependencyInjectionTestExecutionListener - Performing dependency injection for test context [[DefaultTestContext@6eedfcd3 testClass = SpringCommandServiceTest, testInstance = eu.simple.command.SpringCommandServiceTest@39a59482, testMethod = [null], testException = [null], mergedContextConfiguration = [MergedContextConfiguration@536df8cf testClass = SpringCommandServiceTest, locations = '{}', classes = '{class eu.simple.command.SpringCommandServiceTest}', contextInitializerClasses = '[]', activeProfiles = '{test}', propertySourceLocations = '{}', propertySourceProperties = '{org.springframework.boot.test.context.SpringBootTestContextBootstrapper=true}', contextCustomizers = set[org.springframework.boot.test.autoconfigure.properties.PropertyMappingContextCustomizer@0, org.springframework.boot.test.autoconfigure.web.servlet.WebDriverContextCustomizerFactory$Customizer@4254939f, [ImportsContextCustomizer@10fa8f32 key = [@org.springframework.test.context.BootstrapWith(value=org.springframework.boot.test.context.SpringBootTestContextBootstrapper.class), @org.springframework.stereotype.Indexed(), @org.springframework.boot.autoconfigure.AutoConfigurationPackage(), @org.springframework.boot.autoconfigure.EnableAutoConfiguration(exclude={}, excludeName={}), @org.springframework.test.context.ActiveProfiles(profiles={}, resolver=org.springframework.test.context.ActiveProfilesResolver.class, value={"test"}, inheritProfiles=true), @org.springframework.boot.test.context.TestConfiguration(value="", proxyBeanMethods=true), @org.springframework.context.annotation.Configuration(value="", proxyBeanMethods=true), @org.springframework.context.annotation.Import(value={org.springframework.boot.autoconfigure.AutoConfigurationImportSelector.class}), @org.junit.jupiter.api.extension.ExtendWith(value={org.springframework.test.context.junit.jupiter.SpringExtension.class}), @org.springframework.stereotype.Component(value=""), @org.springframework.boot.test.context.TestComponent(value=""), @org.springframework.context.annotation.Import(value={eu.simple.command.CommonModuleConfig.class}), @org.apiguardian.api.API(consumers={"*"}, since="5.0", status=STABLE), @org.springframework.boot.test.context.SpringBootTest(args={}, webEnvironment=MOCK, value={}, properties={}, classes={}), @org.springframework.context.annotation.Import(value={org.springframework.boot.autoconfigure.AutoConfigurationPackages$Registrar.class}), @org.springframework.boot.SpringBootConfiguration(proxyBeanMethods=true)]], org.springframework.boot.test.context.filter.ExcludeFilterContextCustomizer@350e7ae1, org.springframework.boot.test.json.DuplicateJsonObjectContextCustomizerFactory$DuplicateJsonObjectContextCustomizer@1591a2b3, org.springframework.boot.test.mock.mockito.MockitoContextCustomizer@0, org.springframework.boot.test.web.client.TestRestTemplateContextCustomizer@4391cf00], contextLoader = 'org.springframework.boot.test.context.SpringBootContextLoader', parent = [null]], attributes = map[[empty]]]].
00:41:14.568 [Test worker] DEBUG org.springframework.test.context.support.TestPropertySourceUtils - Adding inlined properties to environment: {spring.jmx.enabled=false, org.springframework.boot.test.context.SpringBootTestContextBootstrapper=true, server.port=-1}

  .   ____          _            __ _ _
 /\\ / ___'_ __ _ _(_)_ __  __ _ \ \ \ \
( ( )\___ | '_ | '_| | '_ \/ _` | \ \ \ \
 \\/  ___)| |_)| | | | | || (_| |  ) ) ) )
  '  |____| .__|_| |_|_| |_\__, | / / / /
 =========|_|==============|___/=/_/_/_/
 :: Spring Boot ::        (v2.2.6.RELEASE)

2020-04-14 00:41:14.819  INFO 12616 --- [    Test worker] e.s.command.SpringCommandServiceTest     : Starting SpringCommandServiceTest on LAPTOP-5C0R2SIT with PID 12616 (started by 37122 in D:\Documents\Projects\mine\starter\command)
2020-04-14 00:41:14.819  INFO 12616 --- [    Test worker] e.s.command.SpringCommandServiceTest     : The following profiles are active: test
2020-04-14 00:41:15.696  INFO 12616 --- [    Test worker] e.s.command.SpringCommandServiceTest     : Started SpringCommandServiceTest in 1.125 seconds (JVM running for 2.631)
]]></system-out>
  <system-err><![CDATA[]]></system-err>
</testsuite>
